Date: 2024-01-25 21:36:02
Ontology source: /C:/Users/lmwis/Documents/GitHub/ADNI_Ontology/Small_ADNI_V1/small_adni_v1.owl
Worksheet source: C:\Users\lmwis\Desktop\ADNI Data\ADNIMERGE_cut.xlsx
Transformation rules: C:\Users\lmwis\Documents\GitHub\ADNI_Ontology\Small_ADNI_V1\small_adni_rules_1.json

# Cell range: (Sheet1!AA1:AA1) Comment: ""
# Class: 'baseline phosphorylated tau mass concentration'
# 	EquivalentTo: @AA1

Class: 'baseline phosphorylated tau mass concentration'
   EquivalentTo: 

# Cell range: (Sheet1!H1:H1) Comment: ""
# Class: 'sex of organism information content entity'
# 	EquivalentTo: @ H1

Class: 'sex of organism information content entity'
   EquivalentTo: PTGENDER

# Cell range: (Sheet1!B1:B1) Comment: ""
# Class: 'collection protocol information content entity'
# 	EquivalentTo: @B1

Class: 'collection protocol information content entity'
   EquivalentTo: COLPROT

# Cell range: (Sheet1!L1:L1) Comment: ""
# Class: 'marital status information content entity'
# 	EquivalentTo: @L1

Class: 'marital status information content entity'
   EquivalentTo: PTMARRY

# Cell range: (Sheet1!M1:M1) Comment: ""
# Class: 'APOE4 genotype information'
# 	EquivalentTo: @M1

Class: 'APOE4 genotype information'
   EquivalentTo: APOE4

# Cell range: (Sheet1!G1:G1) Comment: ""
# Class: 'age since birth measurement datum'
# 	EquivalentTo: @G1

Class: 'age since birth measurement datum'
   EquivalentTo: AGE

# Cell range: (Sheet1!V1:V1) Comment: ""
# Class: 'phosphorylated tau mass concentration'
# 	EquivalentTo: @V1

Class: 'phosphorylated tau mass concentration'
   EquivalentTo: DX

# Cell range: (Sheet1!P1:P1) Comment: ""
# Class: 'florbetapir standard uptake value ratio'
# 	EquivalentTo: @P1

Class: 'florbetapir standard uptake value ratio'
   EquivalentTo: AV45

# Cell range: (Sheet1!AC1:AC1) Comment: ""
# Class: 'baseline Pittsburgh compound B standard uptake value ratio'
# 	EquivalentTo: @AC1

Class: 'baseline Pittsburgh compound B standard uptake value ratio'
   EquivalentTo: 

# Cell range: (Sheet1!W1:W1) Comment: ""
# Class: 'Clinical Dementia Rating scalar score from composite inputs'
# 	EquivalentTo: @W1

Class: 'Clinical Dementia Rating scalar score from composite inputs'
   EquivalentTo: ABETA_bl

# Cell range: (Sheet1!AE1:AE1) Comment: ""
# Class: 'baseline florbetaben standard uptake value ratio'
# 	EquivalentTo: @AE1

Class: 'baseline florbetaben standard uptake value ratio'
   EquivalentTo: 

# Cell range: (Sheet1!T1:T1) Comment: ""
# Class: 'phosphorylated tau mass concentration'
# 	EquivalentTo: @T1

Class: 'phosphorylated tau mass concentration'
   EquivalentTo: PTAU

# Cell range: (Sheet1!F1:F1) Comment: ""
# Class: 'baseline diagnosis'
# 	EquivalentTo: @F1

Class: 'baseline diagnosis'
   EquivalentTo: DX_bl

# Cell range: (Sheet1!Y1:Y1) Comment: ""
# Class: 'baseline beta-amyloid mass concentration'
# 	EquivalentTo: @Y1

Class: 'baseline beta-amyloid mass concentration'
   EquivalentTo: PTAU_bl

# Cell range: (Sheet1!A1:A1) Comment: ""
# Class: 'participant identifier'
# 	EquivalentTo: @A1

Class: 'participant identifier'
   EquivalentTo: RID

# Cell range: (Sheet1!AB1:AB1) Comment: ""
# Class: 'baseline fluorodeoxyglucose standard uptake value ratio'
# 	EquivalentTo: @AB1

Class: 'baseline fluorodeoxyglucose standard uptake value ratio'
   EquivalentTo: 

# Cell range: (Sheet1!Q1:Q1) Comment: ""
# Class: 'florbetaben standard uptake value ratio'
# 	EquivalentTo: @Q1

Class: 'florbetaben standard uptake value ratio'
   EquivalentTo: FBB

# Cell range: (Sheet1!C1:C1) Comment: ""
# Class: 'clinical study center identifier'
# 	EquivalentTo: @C1

Class: 'clinical study center identifier'
   EquivalentTo: SITE

# Cell range: (Sheet1!I1:I1) Comment: ""
# Class: 'years of education time measurement datum'
# 	EquivalentTo: @I1

Class: 'years of education time measurement datum'
   EquivalentTo: PTEDUCAT

# Cell range: (Sheet1!X1:X1) Comment: ""
# Class: 'diagnosis'
# 	EquivalentTo: @X1

Class: 'diagnosis'
   EquivalentTo: TAU_bl

# Cell range: (Sheet1!U1:U1) Comment: ""
# Class: 'Clinical Dementia Rating scalar score from composite inputs'
# 	EquivalentTo: @U1

Class: 'Clinical Dementia Rating scalar score from composite inputs'
   EquivalentTo: CDRSB

# Cell range: (Sheet1!O1:O1) Comment: ""
# Class: 'Pittsburgh compound B standard uptake value ratio'
# 	EquivalentTo: @O1

Class: 'Pittsburgh compound B standard uptake value ratio'
   EquivalentTo: PIB

# Cell range: (Sheet1!E1:E1) Comment: ""
# Class: 'visit code'
# 	EquivalentTo: @E1

Class: 'visit code'
   EquivalentTo: EXAMDATE

# Cell range: (Sheet1!V1:V1) Comment: ""
# Class: 'diagnosis'
# 	EquivalentTo: @V1

Class: 'diagnosis'
   EquivalentTo: DX

# Cell range: (Sheet1!X1:X1) Comment: ""
# Class: 'baseline tau mass concentration'
# 	EquivalentTo: @X1

Class: 'baseline tau mass concentration'
   EquivalentTo: TAU_bl

# Cell range: (Sheet1!J1:J1) Comment: ""
# Class: 'ethnic identity information content entity'
# 	EquivalentTo: @J1

Class: 'ethnic identity information content entity'
   EquivalentTo: PTETHCAT

# Cell range: (Sheet1!Y1:Y1) Comment: ""
# Class: 'baseline phosphorylated tau mass concentration'
# 	EquivalentTo: @Y1

Class: 'baseline phosphorylated tau mass concentration'
   EquivalentTo: PTAU_bl

# Cell range: (Sheet1!R1:R1) Comment: ""
# Class: 'beta-amyloid mass concentration'
# 	EquivalentTo: @R1

Class: 'beta-amyloid mass concentration'
   EquivalentTo: ABETA

# Cell range: (Sheet1!AD1:AD1) Comment: ""
# Class: 'baseline florbetapir standard uptake value ratio'
# 	EquivalentTo: @AD1

Class: 'baseline florbetapir standard uptake value ratio'
   EquivalentTo: 

# Cell range: (Sheet1!W1:W1) Comment: ""
# Class: 'baseline beta-amyloid mass concentration'
# 	EquivalentTo: @W1

Class: 'baseline beta-amyloid mass concentration'
   EquivalentTo: ABETA_bl

# Cell range: (Sheet1!N1:N1) Comment: ""
# Class: 'fluorodeoxyglucose standard uptake value ratio'
# 	EquivalentTo: @N1

Class: 'fluorodeoxyglucose standard uptake value ratio'
   EquivalentTo: FDG

# Cell range: (Sheet1!K1:K1) Comment: ""
# Class: 'racial identity information content entity'
# 	EquivalentTo: @K1

Class: 'racial identity information content entity'
   EquivalentTo: PTRACCAT

# Cell range: (Sheet1!S1:S1) Comment: ""
# Class: 'tau mass concentration'
# 	EquivalentTo: @S1

Class: 'tau mass concentration'
   EquivalentTo: TAU

# Cell range: (Sheet1!Z1:Z1) Comment: ""
# Class: 'baseline fluorodeoxyglucose standard uptake value ratio'
# 	EquivalentTo: @Z1

Class: 'baseline fluorodeoxyglucose standard uptake value ratio'
   EquivalentTo: FDG_bl

===========================================================================================================
